2025/05/11 17:22:03 ✅ scheduled KXLU on Saturday at 18:01 for 1h0m0s
2025/05/11 17:22:03 Scheduler started. Waiting for jobs...
2025/05/11 17:22:47 Shutting down scheduler...
2025/05/19 21:46:02 🚀 server listening on :8080
2025/05/19 22:33:20 🚀 server listening on :8080
2025/05/19 22:42:36 Listening on :8000...
2025/05/19 22:46:50 Server gracefully stopped
2025/05/19 22:47:57 🚀 Listening on :8000...
2025/05/19 22:52:36 Server gracefully stopped
2025/05/20 00:44:00 🚀 Listening on :8000...
2025/05/20 00:44:20 Server gracefully stopped
2025/05/20 00:44:24 🚀 Listening on :8000...
2025/05/20 00:44:55 Server gracefully stopped
2025/05/20 00:45:15 🚀 Listening on :8000...
2025/05/20 00:45:25 Server gracefully stopped
2025/05/20 00:46:01 🚀 Listening on :8000...
2025/05/20 00:48:12 Server gracefully stopped
2025/05/20 00:48:17 🚀 Listening on :8000...
2025/05/20 00:48:30 Server gracefully stopped
2025/05/20 00:48:33 🚀 Listening on :8000...
2025/05/20 00:48:36 Server gracefully stopped
2025/05/20 00:49:19 🚀 Listening on :8000...
2025/05/20 02:32:44 Server gracefully stopped
2025/05/20 02:35:35 🚀 Listening on :8000...
2025/05/20 02:36:20 Server gracefully stopped
2025/05/20 02:36:24 🚀 Listening on :8000...
2025/05/20 02:38:53 Server gracefully stopped
2025/05/20 02:38:57 🚀 Listening on :8000...
2025/05/20 02:40:01 Server gracefully stopped
2025/05/20 02:40:06 🚀 Listening on :8000...
2025/05/20 02:45:13 Server gracefully stopped
2025/05/20 02:45:57 🚀 Listening on :8000...
2025/05/20 02:46:32 Server gracefully stopped
2025/05/20 02:46:37 🚀 Listening on :8000...
2025/05/20 02:46:42 Server gracefully stopped
2025/05/20 02:46:45 🚀 Listening on :8000...
2025/05/20 02:46:52 Server gracefully stopped
2025/05/20 02:46:55 🚀 Listening on :8000...
2025/05/20 02:58:34 Server gracefully stopped
2025/05/20 02:58:40 🚀 Listening on :8000...
2025/05/20 02:58:59 Server gracefully stopped
2025/05/20 02:59:03 🚀 Listening on :8000...
2025/05/20 03:00:41 Server gracefully stopped
2025/05/20 03:06:00 🚀 Listening on :8000...
2025/05/20 03:08:32 Server gracefully stopped
2025/05/20 03:08:48 🚀 Listening on :8000...
2025/05/20 03:10:25 Server gracefully stopped
2025/05/20 03:10:28 🚀 Listening on :8000...
2025/05/20 03:10:50 Server gracefully stopped
2025/05/20 03:10:58 🚀 Listening on :8000...
2025/05/20 03:13:28 Server gracefully stopped
2025/05/20 03:13:39 🚀 Listening on :8000...
2025/05/20 03:32:06 Server gracefully stopped
2025/05/20 15:20:56 🚀 Listening on :8000...
2025/05/20 16:18:55 Server gracefully stopped
2025/05/20 18:18:31 🚀 Listening on :8000...
2025/05/20 18:21:24 Server gracefully stopped
2025/05/20 18:21:31 🚀 Listening on :8000...
2025/05/20 18:23:32 Server gracefully stopped
2025/05/20 18:23:42 🚀 Listening on :8000...
2025/05/20 18:24:20 Server gracefully stopped
2025/05/20 23:07:26 🚀 Listening on :8000...
2025/05/20 23:10:09 Server gracefully stopped
2025/05/20 23:10:19 🚀 Listening on :8000...
2025/05/20 23:11:05 Server gracefully stopped
